FILE_TYPE=LIBRARY_PARTS;
PRIMITIVE 'SMM4F5.0A_TR','SMM4F5.0A_TR_Other';
  PIN
    'K_1':
      PIN_NUMBER='(1)';
      NO_LOAD_CHECK=BOTH;
      NO_IO_CHECK=BOTH;
      ALLOW_CONNECT=TRUE;
      PINUSE='UNSPEC';
    'A':
      PIN_NUMBER='(2)';
      NO_LOAD_CHECK=BOTH;
      NO_IO_CHECK=BOTH;
      ALLOW_CONNECT=TRUE;
      PINUSE='UNSPEC';
    'K_2':
      PIN_NUMBER='(3)';
      NO_LOAD_CHECK=BOTH;
      NO_IO_CHECK=BOTH;
      ALLOW_CONNECT=TRUE;
      PINUSE='UNSPEC';
  END_PIN;
  BODY
    PART_NAME='SMM4F5.0A_TR';
    PHYS_DES_PREFIX='Z';
    NO_LOAD_CHECK='TRUE';
    PIN_COUNT='3';
    BODY_NAME='SMM4F5.0A_TR';
    JEDEC_TYPE='SMM4F15ATR';
  END_BODY;
END_PRIMITIVE;
END.
